<?xml version="1.0" encoding="UTF-8"?>
<!-- Generated by org.testng.reporters.JUnitXMLReporter -->
<testsuite hostname="DESKTOP-S8SMOAJ" ignored="0" name="Vtiger App Test cases" tests="7" failures="0" timestamp="2021-07-11T07:21:43 IST" time="314.327" errors="0">
  <testcase name="LoginPageTitleTest" time="0.337" classname="com.vtiger.qa.TestCase.Login_PageTest"/>
  <testcase name="loginTest" time="37.311" classname="com.vtiger.qa.TestCase.Login_PageTest"/>
  <testcase name="homePageCalTest" time="0.691" classname="com.vtiger.qa.TestCase.Home_PageTest"/>
  <testcase name="ActionmarketTest" time="0.437" classname="com.vtiger.qa.TestCase.Home_PageTest"/>
  <testcase name="clickonmartTest" time="10.49" classname="com.vtiger.qa.TestCase.Home_PageTest"/>
  <testcase name="CalculatorTest" time="6.339" classname="com.vtiger.qa.TestCase.Calculator_Test"/>
  <testcase name="CloseCalculatorTest" time="3.933" classname="com.vtiger.qa.TestCase.Calculator_Test"/>
</testsuite> <!-- Vtiger App Test cases -->
