<?xml version="1.0" encoding="UTF-8" ?>
<testsuite tests="28" failures="4" name="TestSuite" time="21.101" errors="0" skipped="24">
  <properties>
[...]
</properties>
  <testcase classname="com.vtiger.qa.TestCase.Calculator_Test" name="setUp" time="6.96">
    <failure message="org.apache.commons.io.IOUtils.toString(Ljava/io/InputStream;Ljava/nio/charset/Charset;)Ljava/lang/String;" type="java.lang.NoSuchMethodError">java.lang.NoSuchMethodError: org.apache.commons.io.IOUtils.toString(Ljava/io/InputStream;Ljava/nio/charset/Charset;)Ljava/lang/String;
	at io.github.bonigarcia.wdm.versions.VersionDetector.getProperties(VersionDetector.java:232)
	at io.github.bonigarcia.wdm.versions.VersionDetector.getBrowserVersionFromTheShell(VersionDetector.java:137)
	at io.github.bonigarcia.wdm.WebDriverManager.getBrowserVersionFromTheShell(WebDriverManager.java:731)
	at io.github.bonigarcia.wdm.WebDriverManager.detectBrowserVersion(WebDriverManager.java:751)
	at io.github.bonigarcia.wdm.WebDriverManager.resolveDriverVersion(WebDriverManager.java:614)
	at io.github.bonigarcia.wdm.WebDriverManager.manage(WebDriverManager.java:565)
	at io.github.bonigarcia.wdm.WebDriverManager.setup(WebDriverManager.java:287)
	at com.vtiger.qa.base.Test_Base.Initialization(Test_Base.java:43)
	at com.vtiger.qa.TestCase.Calculator_Test.setUp(Calculator_Test.java:28)
</failure>
    <system-out>Configuring TestNG with: org.apache.maven.surefire.testng.conf.TestNG652Configurator@66048bfd
browser is chrome
</system-out>
  </testcase>
  <testcase classname="com.vtiger.qa.TestCase.Calculator_Test" name="CalculatorTest" time="0.001">
    <skipped/>
  </testcase>
  <testcase classname="com.vtiger.qa.TestCase.Calculator_Test" name="tearDown" time="0.001">
    <skipped/>
  </testcase>
  <testcase classname="com.vtiger.qa.TestCase.Home_PageTest" name="setUp" time="1.068">
    <failure message="org.apache.commons.io.IOUtils.toString(Ljava/io/InputStream;Ljava/nio/charset/Charset;)Ljava/lang/String;" type="java.lang.NoSuchMethodError">java.lang.NoSuchMethodError: org.apache.commons.io.IOUtils.toString(Ljava/io/InputStream;Ljava/nio/charset/Charset;)Ljava/lang/String;
	at io.github.bonigarcia.wdm.versions.VersionDetector.getProperties(VersionDetector.java:232)
	at io.github.bonigarcia.wdm.versions.VersionDetector.getBrowserVersionFromTheShell(VersionDetector.java:137)
	at io.github.bonigarcia.wdm.WebDriverManager.getBrowserVersionFromTheShell(WebDriverManager.java:731)
	at io.github.bonigarcia.wdm.WebDriverManager.detectBrowserVersion(WebDriverManager.java:751)
	at io.github.bonigarcia.wdm.WebDriverManager.resolveDriverVersion(WebDriverManager.java:614)
	at io.github.bonigarcia.wdm.WebDriverManager.manage(WebDriverManager.java:565)
	at io.github.bonigarcia.wdm.WebDriverManager.setup(WebDriverManager.java:287)
	at com.vtiger.qa.base.Test_Base.Initialization(Test_Base.java:43)
	at com.vtiger.qa.TestCase.Home_PageTest.setUp(Home_PageTest.java:26)
</failure>
    <system-out>browser is chrome
</system-out>
  </testcase>
  <testcase classname="com.vtiger.qa.TestCase.Home_PageTest" name="homePageCalTest" time="0">
    <skipped/>
  </testcase>
  <testcase classname="com.vtiger.qa.TestCase.Home_PageTest" name="tearDown" time="0">
    <skipped/>
  </testcase>
  <testcase classname="com.vtiger.qa.TestCase.Home_PageTest" name="ActionmarketTest" time="0">
    <skipped/>
  </testcase>
  <testcase classname="com.vtiger.qa.TestCase.Home_PageTest" name="setUp" time="0.003">
    <skipped/>
  </testcase>
  <testcase classname="com.vtiger.qa.TestCase.Home_PageTest" name="clickonmartTest" time="0.001">
    <skipped/>
  </testcase>
  <testcase classname="com.vtiger.qa.TestCase.Home_PageTest" name="tearDown" time="0.002">
    <skipped/>
  </testcase>
  <testcase classname="com.vtiger.qa.TestCase.Lead_PageTest" name="setUp" time="12.058">
    <failure message="org.apache.commons.io.IOUtils.toString(Ljava/io/InputStream;Ljava/nio/charset/Charset;)Ljava/lang/String;" type="java.lang.NoSuchMethodError">java.lang.NoSuchMethodError: org.apache.commons.io.IOUtils.toString(Ljava/io/InputStream;Ljava/nio/charset/Charset;)Ljava/lang/String;
	at io.github.bonigarcia.wdm.versions.VersionDetector.getProperties(VersionDetector.java:232)
	at io.github.bonigarcia.wdm.versions.VersionDetector.getBrowserVersionFromTheShell(VersionDetector.java:137)
	at io.github.bonigarcia.wdm.WebDriverManager.getBrowserVersionFromTheShell(WebDriverManager.java:731)
	at io.github.bonigarcia.wdm.WebDriverManager.detectBrowserVersion(WebDriverManager.java:751)
	at io.github.bonigarcia.wdm.WebDriverManager.resolveDriverVersion(WebDriverManager.java:614)
	at io.github.bonigarcia.wdm.WebDriverManager.manage(WebDriverManager.java:565)
	at io.github.bonigarcia.wdm.WebDriverManager.setup(WebDriverManager.java:287)
	at com.vtiger.qa.base.Test_Base.Initialization(Test_Base.java:43)
	at com.vtiger.qa.TestCase.Lead_PageTest.setUp(Lead_PageTest.java:37)
</failure>
    <system-out>Mr.
krish
rathore
abcd
7.838038755E9
jshwu@.com

Mr.
khushi
kumari
befg
7.878787878E9
jshsi@.com

Mr.
vansh
gupta
jshl
7.676767676E9
kuendh@12.com

Mr.
Akshit
sahu
siiej
6.565656565E9
jsjdhiw@123.com

browser is chrome
</system-out>
  </testcase>
  <testcase classname="com.vtiger.qa.TestCase.Lead_PageTest" name="Test_01" time="0">
    <skipped/>
  </testcase>
  <testcase classname="com.vtiger.qa.TestCase.Lead_PageTest" name="tearDown" time="0.001">
    <skipped/>
  </testcase>
  <testcase classname="com.vtiger.qa.TestCase.Lead_PageTest" name="setUp" time="0.001">
    <skipped/>
  </testcase>
  <testcase classname="com.vtiger.qa.TestCase.Lead_PageTest" name="Test_01" time="0">
    <skipped/>
  </testcase>
  <testcase classname="com.vtiger.qa.TestCase.Lead_PageTest" name="tearDown" time="0">
    <skipped/>
  </testcase>
  <testcase classname="com.vtiger.qa.TestCase.Lead_PageTest" name="setUp" time="0">
    <skipped/>
  </testcase>
  <testcase classname="com.vtiger.qa.TestCase.Lead_PageTest" name="Test_01" time="0.001">
    <skipped/>
  </testcase>
  <testcase classname="com.vtiger.qa.TestCase.Lead_PageTest" name="tearDown" time="0.001">
    <skipped/>
  </testcase>
  <testcase classname="com.vtiger.qa.TestCase.Lead_PageTest" name="setUp" time="0.003">
    <skipped/>
  </testcase>
  <testcase classname="com.vtiger.qa.TestCase.Lead_PageTest" name="Test_01" time="0">
    <skipped/>
  </testcase>
  <testcase classname="com.vtiger.qa.TestCase.Lead_PageTest" name="tearDown" time="0.001">
    <skipped/>
  </testcase>
  <testcase classname="com.vtiger.qa.TestCase.Login_PageTest" name="setUp" time="0.994">
    <failure message="org.apache.commons.io.IOUtils.toString(Ljava/io/InputStream;Ljava/nio/charset/Charset;)Ljava/lang/String;" type="java.lang.NoSuchMethodError">java.lang.NoSuchMethodError: org.apache.commons.io.IOUtils.toString(Ljava/io/InputStream;Ljava/nio/charset/Charset;)Ljava/lang/String;
	at io.github.bonigarcia.wdm.versions.VersionDetector.getProperties(VersionDetector.java:232)
	at io.github.bonigarcia.wdm.versions.VersionDetector.getBrowserVersionFromTheShell(VersionDetector.java:137)
	at io.github.bonigarcia.wdm.WebDriverManager.getBrowserVersionFromTheShell(WebDriverManager.java:731)
	at io.github.bonigarcia.wdm.WebDriverManager.detectBrowserVersion(WebDriverManager.java:751)
	at io.github.bonigarcia.wdm.WebDriverManager.resolveDriverVersion(WebDriverManager.java:614)
	at io.github.bonigarcia.wdm.WebDriverManager.manage(WebDriverManager.java:565)
	at io.github.bonigarcia.wdm.WebDriverManager.setup(WebDriverManager.java:287)
	at com.vtiger.qa.base.Test_Base.Initialization(Test_Base.java:43)
	at com.vtiger.qa.TestCase.Login_PageTest.setUp(Login_PageTest.java:24)
</failure>
    <system-out>browser is chrome
</system-out>
  </testcase>
  <testcase classname="com.vtiger.qa.TestCase.Login_PageTest" name="LoginPageTitleTest" time="0">
    <skipped/>
  </testcase>
  <testcase classname="com.vtiger.qa.TestCase.Login_PageTest" name="tearDown" time="0.001">
    <skipped/>
  </testcase>
  <testcase classname="com.vtiger.qa.TestCase.Login_PageTest" name="setUp" time="0.003">
    <skipped/>
  </testcase>
  <testcase classname="com.vtiger.qa.TestCase.Login_PageTest" name="loginTest" time="0">
    <skipped/>
  </testcase>
  <testcase classname="com.vtiger.qa.TestCase.Login_PageTest" name="tearDown" time="0.001">
    <skipped/>
  </testcase>
</testsuite>