<?xml version="1.0" encoding="UTF-8"?>
<testng-results ignored="0" total="1" passed="1" failed="0" skipped="0">
  <reporter-output>
  </reporter-output>
  <suite started-at="2022-02-24T20:05:08 IST" name="Default suite" finished-at="2022-02-24T20:05:20 IST" duration-ms="12044">
    <groups>
    </groups>
    <test started-at="2022-02-24T20:05:08 IST" name="Default test" finished-at="2022-02-24T20:05:20 IST" duration-ms="12044">
      <class name="postcall.PostCallAutomation">
        <test-method signature="createBoard()[pri:1, instance:postcall.PostCallAutomation@25fb8912]" started-at="2022-02-24T20:05:08 IST" name="createBoard" finished-at="2022-02-24T20:05:20 IST" duration-ms="11907" status="PASS">
          <reporter-output>
          </reporter-output>
        </test-method> <!-- createBoard -->
      </class> <!-- postcall.PostCallAutomation -->
    </test> <!-- Default test -->
  </suite> <!-- Default suite -->
</testng-results>
