<?xml version="1.0" encoding="UTF-8"?>
<testng-results ignored="2" total="5" passed="3" failed="0" skipped="0">
  <reporter-output>
  </reporter-output>
  <suite started-at="2021-10-15T17:36:04 IST" name="Default suite" finished-at="2021-10-15T17:36:41 IST" duration-ms="36833">
    <groups>
    </groups>
    <test started-at="2021-10-15T17:36:04 IST" name="Default test" finished-at="2021-10-15T17:36:41 IST" duration-ms="36833">
      <class name="com.vtiger.qa.TestCase.Login_PageTest">
        <test-method is-config="true" signature="setUp()[pri:0, instance:com.vtiger.qa.TestCase.Login_PageTest@550ee7e5]" started-at="2021-10-15T17:36:07 IST" name="setUp" finished-at="2021-10-15T17:36:15 IST" duration-ms="8469" status="PASS">
          <reporter-output>
          </reporter-output>
        </test-method> <!-- setUp -->
        <test-method signature="LogingTestWithDataProvider(java.lang.String,java.lang.String)[pri:0, instance:com.vtiger.qa.TestCase.Login_PageTest@550ee7e5]" started-at="2021-10-15T17:36:15 IST" name="LogingTestWithDataProvider" data-provider="logindata" finished-at="2021-10-15T17:36:24 IST" duration-ms="9337" status="PASS">
          <params>
            <param index="0">
              <value>
                <![CDATA[admin]]>
              </value>
            </param>
            <param index="1">
              <value>
                <![CDATA[admin]]>
              </value>
            </param>
          </params>
          <reporter-output>
          </reporter-output>
        </test-method> <!-- LogingTestWithDataProvider -->
        <test-method is-config="true" signature="setUp()[pri:0, instance:com.vtiger.qa.TestCase.Login_PageTest@550ee7e5]" started-at="2021-10-15T17:36:24 IST" name="setUp" finished-at="2021-10-15T17:36:29 IST" duration-ms="4427" status="PASS">
          <reporter-output>
          </reporter-output>
        </test-method> <!-- setUp -->
        <test-method signature="LogingTestWithDataProvider(java.lang.String,java.lang.String)[pri:0, instance:com.vtiger.qa.TestCase.Login_PageTest@550ee7e5]" started-at="2021-10-15T17:36:29 IST" name="LogingTestWithDataProvider" data-provider="logindata" finished-at="2021-10-15T17:36:31 IST" duration-ms="1669" status="PASS">
          <params>
            <param index="0">
              <value>
                <![CDATA[khushi]]>
              </value>
            </param>
            <param index="1">
              <value>
                <![CDATA[kumari]]>
              </value>
            </param>
          </params>
          <reporter-output>
          </reporter-output>
        </test-method> <!-- LogingTestWithDataProvider -->
        <test-method is-config="true" signature="setUp()[pri:0, instance:com.vtiger.qa.TestCase.Login_PageTest@550ee7e5]" started-at="2021-10-15T17:36:31 IST" name="setUp" finished-at="2021-10-15T17:36:38 IST" duration-ms="7836" status="PASS">
          <reporter-output>
          </reporter-output>
        </test-method> <!-- setUp -->
        <test-method signature="LogingTestWithDataProvider(java.lang.String,java.lang.String)[pri:0, instance:com.vtiger.qa.TestCase.Login_PageTest@550ee7e5]" started-at="2021-10-15T17:36:38 IST" name="LogingTestWithDataProvider" data-provider="logindata" finished-at="2021-10-15T17:36:41 IST" duration-ms="2296" status="PASS">
          <params>
            <param index="0">
              <value>
                <![CDATA[vansh]]>
              </value>
            </param>
            <param index="1">
              <value>
                <![CDATA[sahu]]>
              </value>
            </param>
          </params>
          <reporter-output>
          </reporter-output>
        </test-method> <!-- LogingTestWithDataProvider -->
      </class> <!-- com.vtiger.qa.TestCase.Login_PageTest -->
    </test> <!-- Default test -->
  </suite> <!-- Default suite -->
</testng-results>
