<?xml version="1.0" encoding="UTF-8"?>
<!-- Generated by org.testng.reporters.JUnitXMLReporter -->
<testsuite ignored="2" hostname="toshiba-PC" failures="0" tests="3" name="Default test" time="36.833" errors="0" timestamp="2021-10-15T17:36:41 IST">
  <testcase classname="com.vtiger.qa.TestCase.Login_PageTest" name="LogingTestWithDataProvider" time="9.337"/>
  <testcase classname="com.vtiger.qa.TestCase.Login_PageTest" name="LogingTestWithDataProvider" time="1.669"/>
  <testcase classname="com.vtiger.qa.TestCase.Login_PageTest" name="LogingTestWithDataProvider" time="2.296"/>
  <testcase classname="com.vtiger.qa.TestCase.Login_PageTest" name="LoginPageTitleTest" time="0.0">
    <ignored/>
  </testcase> <!-- LoginPageTitleTest -->
  <testcase classname="com.vtiger.qa.TestCase.Login_PageTest" name="loginTest" time="0.0">
    <ignored/>
  </testcase> <!-- loginTest -->
</testsuite> <!-- Default test -->
