<?xml version="1.0" encoding="UTF-8"?>
<!-- Generated by org.testng.reporters.JUnitXMLReporter -->
<testsuite ignored="1" hostname="toshiba-PC" failures="0" tests="1" name="Test" time="21.131" errors="0" timestamp="2021-10-12T10:50:17 IST">
  <testcase classname="com.vtiger.qa.TestCase.Login_PageTest" name="loginTest" time="11.568"/>
  <testcase classname="com.vtiger.qa.TestCase.Login_PageTest" name="LoginPageTitleTest" time="0.0">
    <ignored/>
  </testcase> <!-- LoginPageTitleTest -->
</testsuite> <!-- Test -->
